[18-Mar-2025 12:07:48 America/Tegucigalpa] Conexión exitosa
[19-Mar-2025 23:32:59 America/Tegucigalpa] Conexión exitosa
[20-Mar-2025 05:34:36 America/Tegucigalpa] Conexión exitosa
[20-Mar-2025 05:36:19 America/Tegucigalpa] PHP Warning:  Undefined variable $thiss in C:\xampp\htdocs\BibliotecaGrupo1\src\Controllers\UserController.php on line 44
[20-Mar-2025 05:36:19 America/Tegucigalpa] PHP Warning:  Attempt to read property "data" on null in C:\xampp\htdocs\BibliotecaGrupo1\src\Controllers\UserController.php on line 44
[20-Mar-2025 05:36:19 America/Tegucigalpa] PHP Warning:  Trying to access array offset on value of type null in C:\xampp\htdocs\BibliotecaGrupo1\src\Controllers\UserController.php on line 44
[20-Mar-2025 05:37:20 America/Tegucigalpa] PHP Warning:  Undefined variable $thiss in C:\xampp\htdocs\BibliotecaGrupo1\src\Controllers\UserController.php on line 44
[20-Mar-2025 05:37:20 America/Tegucigalpa] PHP Warning:  Attempt to read property "data" on null in C:\xampp\htdocs\BibliotecaGrupo1\src\Controllers\UserController.php on line 44
[20-Mar-2025 05:37:20 America/Tegucigalpa] PHP Warning:  Trying to access array offset on value of type null in C:\xampp\htdocs\BibliotecaGrupo1\src\Controllers\UserController.php on line 44
[20-Mar-2025 05:37:39 America/Tegucigalpa] PHP Warning:  Undefined variable $thiss in C:\xampp\htdocs\BibliotecaGrupo1\src\Controllers\UserController.php on line 44
[20-Mar-2025 05:37:39 America/Tegucigalpa] PHP Warning:  Attempt to read property "data" on null in C:\xampp\htdocs\BibliotecaGrupo1\src\Controllers\UserController.php on line 44
[20-Mar-2025 05:37:39 America/Tegucigalpa] PHP Warning:  Trying to access array offset on value of type null in C:\xampp\htdocs\BibliotecaGrupo1\src\Controllers\UserController.php on line 44
[21-Mar-2025 02:10:03 America/Tegucigalpa] Conexión exitosa
[21-Mar-2025 04:46:42 America/Tegucigalpa] PHP Fatal error:  Uncaught Error: Class "App\Controllers\UserModel" not found in C:\xampp\htdocs\BibliotecaGrupo1\src\Controllers\UserController.php:53
Stack trace:
#0 C:\xampp\htdocs\BibliotecaGrupo1\src\Routes\user.php(16): App\Controllers\UserController->post('user')
#1 C:\xampp\htdocs\BibliotecaGrupo1\public\index.php(27): require('C:\\xampp\\htdocs...')
#2 {main}
  thrown in C:\xampp\htdocs\BibliotecaGrupo1\src\Controllers\UserController.php on line 53
[21-Mar-2025 04:52:06 America/Tegucigalpa] PHP Fatal error:  Uncaught Error: Class "App\Controllers\UserModel" not found in C:\xampp\htdocs\BibliotecaGrupo1\src\Controllers\UserController.php:54
Stack trace:
#0 C:\xampp\htdocs\BibliotecaGrupo1\src\Routes\user.php(16): App\Controllers\UserController->post('user')
#1 C:\xampp\htdocs\BibliotecaGrupo1\public\index.php(27): require('C:\\xampp\\htdocs...')
#2 {main}
  thrown in C:\xampp\htdocs\BibliotecaGrupo1\src\Controllers\UserController.php on line 54
[21-Mar-2025 09:56:11 America/Tegucigalpa] Conexión exitosa
[21-Mar-2025 09:57:17 America/Tegucigalpa] PHP Fatal error:  Uncaught Error: Class "App\Controllers\UserModel" not found in C:\xampp\htdocs\BibliotecaGrupo1\src\Controllers\UserController.php:53
Stack trace:
#0 C:\xampp\htdocs\BibliotecaGrupo1\src\Routes\user.php(16): App\Controllers\UserController->post('user')
#1 C:\xampp\htdocs\BibliotecaGrupo1\public\index.php(27): require('C:\\xampp\\htdocs...')
#2 {main}
  thrown in C:\xampp\htdocs\BibliotecaGrupo1\src\Controllers\UserController.php on line 53
[21-Mar-2025 09:59:31 America/Tegucigalpa] PHP Fatal error:  Uncaught Error: Class "App\Controllers\UserModel" not found in C:\xampp\htdocs\BibliotecaGrupo1\src\Controllers\UserController.php:53
Stack trace:
#0 C:\xampp\htdocs\BibliotecaGrupo1\src\Routes\user.php(16): App\Controllers\UserController->post('user')
#1 C:\xampp\htdocs\BibliotecaGrupo1\public\index.php(27): require('C:\\xampp\\htdocs...')
#2 {main}
  thrown in C:\xampp\htdocs\BibliotecaGrupo1\src\Controllers\UserController.php on line 53
[21-Mar-2025 10:01:24 America/Tegucigalpa] PHP Fatal error:  Uncaught Error: Class "App\Controllers\UserModel" not found in C:\xampp\htdocs\BibliotecaGrupo1\src\Controllers\UserController.php:53
Stack trace:
#0 C:\xampp\htdocs\BibliotecaGrupo1\src\Routes\user.php(16): App\Controllers\UserController->post('user')
#1 C:\xampp\htdocs\BibliotecaGrupo1\public\index.php(27): require('C:\\xampp\\htdocs...')
#2 {main}
  thrown in C:\xampp\htdocs\BibliotecaGrupo1\src\Controllers\UserController.php on line 53
[21-Mar-2025 10:09:54 America/Tegucigalpa] PHP Fatal error:  Uncaught Error: Class "App\Controllers\UserModel" not found in C:\xampp\htdocs\BibliotecaGrupo1\src\Controllers\UserController.php:53
Stack trace:
#0 C:\xampp\htdocs\BibliotecaGrupo1\src\Routes\user.php(16): App\Controllers\UserController->post('user')
#1 C:\xampp\htdocs\BibliotecaGrupo1\public\index.php(27): require('C:\\xampp\\htdocs...')
#2 {main}
  thrown in C:\xampp\htdocs\BibliotecaGrupo1\src\Controllers\UserController.php on line 53
[21-Mar-2025 10:11:24 America/Tegucigalpa] PHP Fatal error:  Uncaught Error: Class "App\Controllers\UserModel" not found in C:\xampp\htdocs\BibliotecaGrupo1\src\Controllers\UserController.php:53
Stack trace:
#0 C:\xampp\htdocs\BibliotecaGrupo1\src\Routes\user.php(16): App\Controllers\UserController->post('user')
#1 C:\xampp\htdocs\BibliotecaGrupo1\public\index.php(27): require('C:\\xampp\\htdocs...')
#2 {main}
  thrown in C:\xampp\htdocs\BibliotecaGrupo1\src\Controllers\UserController.php on line 53
[21-Mar-2025 15:40:00 America/Tegucigalpa] Error en la conexión a la BD! ERROR: PDOException: SQLSTATE[HY000] [1045] Access denied for user 'root'@'localhost' (using password: NO) in C:\xampp\htdocs\BibliotecaGrupo1\src\DB\connectionDB.php:29
Stack trace:
#0 C:\xampp\htdocs\BibliotecaGrupo1\src\DB\connectionDB.php(29): PDO->__construct('mysql:host=127....', 'root', Object(SensitiveParameterValue), Array)
#1 C:\xampp\htdocs\BibliotecaGrupo1\src\Routes\auth.php(24): App\DB\connectionDB::getConnection()
#2 C:\xampp\htdocs\BibliotecaGrupo1\public\index.php(27): require('C:\\xampp\\htdocs...')
#3 {main}
[21-Mar-2025 15:56:59 America/Tegucigalpa] Conexión exitosa
